> Ready on https://0.0.0.0:3001
 ✓ Compiled /middleware in 384ms (165 modules)
 ○ Compiling /auth/signin ...
<w> [webpack.cache.PackFileCacheStrategy] Serializing big strings (133kiB) impacts deserialization performance (consider using Buffer instead and decode when needed)
 ✓ Compiled /auth/signin in 2.3s (754 modules)
 GET /auth/signin 200 in 2702ms
 ✓ Compiled in 280ms (307 modules)
 ⚠ Cross origin request detected from 10.211.55.3 to /_next/* resource. In a future major version of Next.js, you will need to explicitly configure "allowedDevOrigins" in next.config to allow this.
Read more: https://nextjs.org/docs/app/api-reference/config/next-config-js/allowedDevOrigins
 GET /auth/signin 200 in 15ms
 GET /auth/signin 200 in 15ms
 GET /auth/signin 200 in 12ms
 GET /auth/signin 200 in 14ms
 GET /auth/signin 200 in 17ms
 GET /auth/signin 200 in 29ms
 GET /auth/signin 200 in 29ms
 GET /auth/signin 200 in 20ms
 GET /auth/signin 200 in 14ms
 GET /auth/signin 200 in 16ms
 GET /auth/signin 200 in 13ms
 GET /auth/signin 200 in 18ms
 GET /auth/signin 200 in 18ms
 GET /auth/signin 200 in 11ms
 GET /auth/signin 200 in 71ms
 ✓ Compiled in 62ms (165 modules)
 ✓ Compiled /book in 293ms (745 modules)
 GET /book 200 in 346ms
 GET /auth/signin?q=ps 200 in 90ms
 GET /auth/signin?q=psy 200 in 34ms
 GET /auth/signin?q=psych 200 in 34ms
 GET /auth/signin?q=psychia 200 in 32ms
<w> [webpack.cache.PackFileCacheStrategy] Serializing big strings (133kiB) impacts deserialization performance (consider using Buffer instead and decode when needed)
 ✓ Compiled in 63ms (165 modules)
 ✓ Compiled /api/clinics/search in 314ms (800 modules)
 GET /api/clinics/search?q=psychiatry 200 in 957ms
Clinics search error: {
  code: '22P02',
  details: 'Unexpected end of input.',
  hint: null,
  message: 'malformed array literal: "{psychia\\}"'
}
 GET /api/clinics/search?q=psychia%5C 200 in 297ms
 GET /api/clinics/search?q=psychia 200 in 134ms
 GET /api/clinics/search?q=psychi 200 in 219ms
 GET /api/clinics/search?q=psychia 200 in 203ms
 GET /api/clinics/search?q=psychiatry 200 in 153ms
 ✓ Compiled in 401ms (814 modules)
 GET /book 200 in 72ms
 GET /auth/signin 200 in 72ms
 ✓ Compiled in 193ms (814 modules)
 GET /auth/signin 200 in 51ms
 GET /book 200 in 52ms
 GET /api/clinics/search?q=psychiatry 200 in 315ms
 GET /api/clinics/search?q=psychiatry&location=bucharest 200 in 244ms
 GET /api/clinics/search?q=psychiatry&location=bucharest 200 in 145ms
 GET /book 200 in 125ms
 GET /api/clinics/search?q=p 200 in 228ms
 GET /api/clinics/search?q=psych 200 in 117ms
 GET /api/clinics/search?q=psychiatry 200 in 131ms
 GET /api/clinics/search?q=psychiatry&location=b 200 in 112ms
 GET /api/clinics/search?q=psychiatry&location=buc 200 in 131ms
 GET /api/clinics/search?q=psychiatry&location=bucharest 200 in 109ms
 GET /api/clinics/search?q=psychiatry&location=bucha 200 in 145ms
 GET /api/clinics/search?q=psychiatry&location=buc 200 in 134ms
 GET /api/clinics/search?q=psychiatry&location=buc 200 in 112ms
 GET /api/clinics/search?q=psychiatry&location=buc 200 in 416ms
 GET /api/clinics/search?q=psychiatry&location=buc 200 in 127ms
 ✓ Compiled in 322ms (814 modules)
 GET /auth/signin 200 in 68ms
 GET /book 200 in 68ms
 ✓ Compiled in 469ms (814 modules)
 ✓ Compiled in 0ms (498 modules)
 ✓ Compiled in 0ms (498 modules)
 ✓ Compiled in 0ms (498 modules)
 GET /auth/signin 200 in 273ms
 GET /book 200 in 275ms
 GET /api/clinics/search?q=psychiatry&location=buc 200 in 596ms
 GET /book 200 in 86ms
 GET /api/clinics/search?q=ps 200 in 345ms
 GET /api/clinics/search?q=psy 200 in 274ms
 ✓ Compiled in 280ms (814 modules)
 GET /auth/signin 200 in 43ms
 GET /book 200 in 44ms
 GET /api/clinics/search?q=p 200 in 322ms
 GET /api/clinics/search?q=ps 200 in 278ms
 GET /api/clinics/search?q=psychiatr 200 in 425ms
 GET /api/clinics/search?q=psychiatry 200 in 332ms
 GET /api/clinics/search?q=psychiatry&location=buchares 200 in 355ms
 GET /api/clinics/search?q=psychiatry&location=bucharest 200 in 260ms
 GET /api/clinics/search?q=psychiatry&location=bucu 200 in 303ms
 GET /api/clinics/search?q=psychiatry&location=bucure 200 in 272ms
 GET /api/clinics/search?q=psychiatry&location=bucures 200 in 477ms
 ✓ Compiled in 297ms (814 modules)
 ✓ Compiled in 0ms (498 modules)
 ✓ Compiled in 0ms (498 modules)
 ✓ Compiled in 0ms (498 modules)
 GET /auth/signin 200 in 234ms
 GET /book 200 in 235ms
 GET /api/clinics/search?q=psychiatry&location=bucurest 200 in 494ms
 GET /api/clinics/search?q=psychiatry&location=bucurest 200 in 246ms
 GET /api/clinics/search?q=psychiatry&location=bucuresti 200 in 259ms
 GET /api/clinics/search?q=psychiatry&location=bucuresti 200 in 265ms
 GET /api/clinics/search?q=psychiatry&location=bucuresti 200 in 289ms
 ✓ Compiled in 335ms (759 modules)
 GET /book 200 in 107ms
 GET /auth/signin 200 in 107ms
 ✓ Compiled in 449ms (747 modules)
 GET /auth/signin 200 in 65ms
 GET /book 200 in 65ms
 ✓ Compiled in 123ms (898 modules)
